<?xml version="1.0" encoding="UTF-8"?>
<!-- Generated by org.testng.reporters.JUnitReportReporter -->
<testsuite hostname="DESKTOP-0MQMQI1" failures="0" tests="1" name="testPages.SearchBoxTest" time="24.110" errors="0" timestamp="2022-02-04T21:41:03 EST" skipped="0">
  <testcase classname="testPages.SearchBoxTest" name="simpleSearch" time="24.110"/>
  <system-out/>
</testsuite> <!-- testPages.SearchBoxTest -->
