<?xml version="1.0" encoding="UTF-8"?>
<!-- Generated by org.testng.reporters.JUnitReportReporter -->
<testsuite hostname="DESKTOP-0MQMQI1" failures="0" tests="1" name="testPages.SearchBoxText" time="49.412" errors="0" timestamp="2022-01-28T16:57:37 EST" skipped="0">
  <testcase classname="testPages.SearchBoxText" name="simpleSearch" time="49.412"/>
  <system-out/>
</testsuite> <!-- testPages.SearchBoxText -->
